<?xml version="1.0" encoding="UTF-8" ?>
<testsuites errors="0"
            failures="1"
            tests="1">

  <testsuite name="google search with consent form - page objects" id="with-page-objects.google"
    errors="0" failures="1" hostname="" package="with-page-objects" skipped="0"
    tests="1" time="8.663" timestamp="">
  
    <testcase name="should find nightwatch.js in results" classname="google search with consent form - page objects" time="1.317" assertions="1">  <failure message="Timed out while waiting for element &lt;input[value=&#34;Google Search&#34;]&gt; to be present for 1000 milliseconds. - expected &#34;visible&#34; but got: &#34;not found&#34; (1038ms)">    at Page.submit (C:\Automation\nightwatch\page-objects\google\search.js:17:10)
    at DescribeInstance.&lt;anonymous&gt; (C:\Automation\nightwatch\examples\with-page-objects\google.js:20:14)</failure>

    
    </testcase>
  

  
    <system-err>
       An error occurred while creating a new ChromeDriver session: [Error] Unable to obtain browser driver.
        For more information on how to install drivers see
        https://www.selenium.dev/documentation/webdriver/troubleshooting/errors/driver_location/. Error: Error executing command for C:\Automation\node_modules\selenium-webdriver\bin\windows\selenium-manager.exe with --browser,chrome,--language-binding,javascript,--output,json: error sending request for url (https://storage.googleapis.com/chrome-for-testing-public/138.0.7204.183/win64/chromedriver-win64.zip)
  Verify if ChromeDriver is configured correctly; using:
  {
     start_process: true,
     server_path: &#39;&#39;,
     port: undefined,
     host: &#39;localhost&#39;,
     ssl: false,
     default_path_prefix: &#39;&#39;,
     proxy: undefined,
     cli_args: {}
  }

 
  Set webdriver.log_path in your Nightwatch config to retrieve more logs from ChromeDriver.
    </system-err>
  

    

  
  </testsuite>
</testsuites>
