<?xml version="1.0" encoding="UTF-8" ?>
<testsuites errors="0"
            failures="1"
            tests="1">

  <testsuite name="Ecosia.org Demo" id="basic.ecosia"
    errors="0" failures="1" hostname="" package="basic" skipped="0"
    tests="1" time="8.975" timestamp="">
  
    <testcase name="Demo test ecosia.org" classname="Ecosia.org Demo" time="6.989" assertions="5">

    

    

    

      <failure message="Testing if element &lt;.layout__content&gt; contains text &#39;Nightwatch.js&#39; in 5000ms - expected &#34;contains text &#39;Nightwatch.js&#39;&#34; but got: &#34;does not contain &#39;Nightwatch.js&#39;&#34; (5449ms)">    at DescribeInstance.&lt;anonymous&gt; (C:\Automation\nightwatch\examples\basic\ecosia.js:12:15)</failure>

    
    </testcase>
  

  
    <system-err>
       An error occurred while creating a new ChromeDriver session: [Error] Unable to obtain browser driver.
        For more information on how to install drivers see
        https://www.selenium.dev/documentation/webdriver/troubleshooting/errors/driver_location/. Error: Error executing command for C:\Automation\node_modules\selenium-webdriver\bin\windows\selenium-manager.exe with --browser,chrome,--language-binding,javascript,--output,json: error sending request for url (https://storage.googleapis.com/chrome-for-testing-public/138.0.7204.183/win64/chromedriver-win64.zip)
  Verify if ChromeDriver is configured correctly; using:
  {
     start_process: true,
     server_path: &#39;&#39;,
     port: undefined,
     host: &#39;localhost&#39;,
     ssl: false,
     default_path_prefix: &#39;&#39;,
     proxy: undefined,
     cli_args: {}
  }

 
  Set webdriver.log_path in your Nightwatch config to retrieve more logs from ChromeDriver.
    </system-err>
  

    

  
  </testsuite>
</testsuites>
